<?xml version="1.0" encoding="UTF-8"?>
<testng-results skipped="0" failed="0" total="1" passed="1">
  <reporter-output>
  </reporter-output>
  <suite name="Default suite" duration-ms="14212" started-at="2020-03-02T08:37:31Z" finished-at="2020-03-02T08:37:45Z">
    <groups>
    </groups>
    <test name="Default test" duration-ms="14212" started-at="2020-03-02T08:37:31Z" finished-at="2020-03-02T08:37:45Z">
      <class name="com.esty.tests.TestCase1">
        <test-method status="PASS" signature="Tc_01()[pri:0, instance:com.esty.tests.TestCase1@5ae9a829]" name="Tc_01" duration-ms="14172" started-at="2020-03-02T14:07:31Z" finished-at="2020-03-02T14:07:45Z">
          <reporter-output>
          </reporter-output>
        </test-method> <!-- Tc_01 -->
      </class> <!-- com.esty.tests.TestCase1 -->
    </test> <!-- Default test -->
  </suite> <!-- Default suite -->
</testng-results>
