<?xml version="1.0" encoding="UTF-8"?>
<!-- Generated by org.testng.reporters.JUnitXMLReporter -->
<testsuite hostname="GAURAV-PC" name="Test2" tests="3" failures="1" timestamp="11 Jun 2020 08:50:58 GMT" time="66.106" errors="0">
  <testcase name="tc01" time="31.678" classname="com.etsyframewok.Tests.Regression1"/>
  <testcase name="tc02" time="22.607" classname="com.etsyframewok.Tests.Regression1"/>
  <testcase name="tc03" time="11.763" classname="com.etsyframewok.Tests.Regression1">
    <failure type="org.openqa.selenium.NoSuchSessionException" message="Tried to run command without establishing a connection
Build info: version: &amp;apos;3.6.0&amp;apos;, revision: &amp;apos;6fbf3ec767&amp;apos;, time: &amp;apos;2017-09-27T15:28:36.4Z&amp;apos;
System info: host: &amp;apos;GAURAV-PC&amp;apos;, ip: &amp;apos;192.168.0.104&amp;apos;, os.name: &amp;apos;Windows 8&amp;apos;, os.arch: &amp;apos;amd64&amp;apos;, os.version: &amp;apos;6.2&amp;apos;, java.version: &amp;apos;1.8.0_221&amp;apos;
Driver info: org.openqa.selenium.firefox.FirefoxDriver
Capabilities [{moz:profile=C:\Users\Admin\AppData\Local\Temp\rust_mozprofilepDs4Se, rotatable=false, moz:geckodriverVersion=0.26.0, timeouts={implicit=0, pageLoad=300000, script=30000}, pageLoadStrategy=normal, unhandledPromptBehavior=dismiss and notify, strictFileInteractability=false, moz:headless=false, platform=WINDOWS, moz:accessibilityChecks=false, moz:useNonSpecCompliantPointerOrigin=false, acceptInsecureCerts=true, browserVersion=69.0, moz:shutdownTimeout=60000, platformVersion=6.2, moz:processID=6476, browserName=firefox, moz:buildID=20190827005903, javascriptEnabled=true, platformName=WINDOWS, setWindowRect=true, moz:webdriverClick=true}]
Session ID: a1a22198-a38a-4495-bb4c-49bb2c9cd4e2">
      <![CDATA[org.openqa.selenium.NoSuchSessionException: Tried to run command without establishing a connection
Build info: version: '3.6.0', revision: '6fbf3ec767', time: '2017-09-27T15:28:36.4Z'
System info: host: 'GAURAV-PC', ip: '192.168.0.104', os.name: 'Windows 8', os.arch: 'amd64', os.version: '6.2', java.version: '1.8.0_221'
Driver info: org.openqa.selenium.firefox.FirefoxDriver
Capabilities [{moz:profile=C:\Users\Admin\AppData\Local\Temp\rust_mozprofilepDs4Se, rotatable=false, moz:geckodriverVersion=0.26.0, timeouts={implicit=0, pageLoad=300000, script=30000}, pageLoadStrategy=normal, unhandledPromptBehavior=dismiss and notify, strictFileInteractability=false, moz:headless=false, platform=WINDOWS, moz:accessibilityChecks=false, moz:useNonSpecCompliantPointerOrigin=false, acceptInsecureCerts=true, browserVersion=69.0, moz:shutdownTimeout=60000, platformVersion=6.2, moz:processID=6476, browserName=firefox, moz:buildID=20190827005903, javascriptEnabled=true, platformName=WINDOWS, setWindowRect=true, moz:webdriverClick=true}]
Session ID: a1a22198-a38a-4495-bb4c-49bb2c9cd4e2
	at org.openqa.selenium.remote.http.W3CHttpResponseCodec.createException(W3CHttpResponseCodec.java:185)
	at org.openqa.selenium.remote.http.W3CHttpResponseCodec.decode(W3CHttpResponseCodec.java:120)
	at org.openqa.selenium.remote.http.W3CHttpResponseCodec.decode(W3CHttpResponseCodec.java:49)
	at org.openqa.selenium.remote.HttpCommandExecutor.execute(HttpCommandExecutor.java:164)
	at org.openqa.selenium.remote.service.DriverCommandExecutor.execute(DriverCommandExecutor.java:83)
	at org.openqa.selenium.remote.RemoteWebDriver.execute(RemoteWebDriver.java:586)
	at org.openqa.selenium.remote.RemoteWebDriver.execute(RemoteWebDriver.java:643)
	at org.openqa.selenium.remote.RemoteWebDriver.close(RemoteWebDriver.java:472)
	at com.etsyframewok.Tests.CrossBTesting.closeBrowser(CrossBTesting.java:37)
	at com.etsyframewok.Tests.Regression1.tc03(Regression1.java:38)
	at java.util.concurrent.FutureTask.run(Unknown Source)
	at java.util.concurrent.ThreadPoolExecutor.runWorker(Unknown Source)
	at java.util.concurrent.ThreadPoolExecutor$Worker.run(Unknown Source)
	at java.lang.Thread.run(Unknown Source)
... Removed 20 stack frames]]>
    </failure>
  </testcase> <!-- tc03 -->
</testsuite> <!-- Test2 -->
