<?xml version="1.0" encoding="UTF-8"?>
<!-- Generated by org.testng.reporters.JUnitXMLReporter -->
<testsuite hostname="GAURAV-PC" name="Test" tests="3" failures="0" timestamp="11 Jun 2020 08:50:58 GMT" time="66.058" errors="0">
  <testcase name="tc01" time="11.128" classname="com.etsyframewok.Tests.Regression1"/>
  <testcase name="tc02" time="24.192" classname="com.etsyframewok.Tests.Regression1"/>
  <testcase name="tc03" time="30.683" classname="com.etsyframewok.Tests.Regression1"/>
</testsuite> <!-- Test -->
