<?xml version="1.0" encoding="UTF-8"?>
<testng-results skipped="0" failed="0" total="1" passed="1">
  <reporter-output>
  </reporter-output>
  <suite name="Default suite" duration-ms="20708" started-at="2020-04-05T07:55:20Z" finished-at="2020-04-05T07:55:41Z">
    <groups>
    </groups>
    <test name="Default test" duration-ms="20708" started-at="2020-04-05T07:55:20Z" finished-at="2020-04-05T07:55:41Z">
      <class name="com.etsyframewok.Tests.VerifyLogo">
        <test-method status="PASS" signature="launchBrowser()[pri:0, instance:com.etsyframewok.Tests.VerifyLogo@28feb3fa]" name="launchBrowser" is-config="true" duration-ms="14472" started-at="2020-04-05T13:25:21Z" finished-at="2020-04-05T13:25:35Z">
          <reporter-output>
          </reporter-output>
        </test-method> <!-- launchBrowser -->
        <test-method status="PASS" signature="etsyVerifyLogo()[pri:0, instance:com.etsyframewok.Tests.VerifyLogo@28feb3fa]" name="etsyVerifyLogo" duration-ms="5086" started-at="2020-04-05T13:25:35Z" finished-at="2020-04-05T13:25:40Z">
          <reporter-output>
          </reporter-output>
        </test-method> <!-- etsyVerifyLogo -->
        <test-method status="PASS" signature="quitBrowser()[pri:0, instance:com.etsyframewok.Tests.VerifyLogo@28feb3fa]" name="quitBrowser" is-config="true" duration-ms="1115" started-at="2020-04-05T13:25:40Z" finished-at="2020-04-05T13:25:41Z">
          <reporter-output>
          </reporter-output>
        </test-method> <!-- quitBrowser -->
      </class> <!-- com.etsyframewok.Tests.VerifyLogo -->
    </test> <!-- Default test -->
  </suite> <!-- Default suite -->
</testng-results>
